<?xml version="1.0" encoding="UTF-8"?>
<testng-results skipped="0" failed="0" ignored="0" total="3" passed="3">
  <reporter-output>
  </reporter-output>
  <suite name="Regression Testing" duration-ms="30" started-at="2023-03-13T02:16:25Z" finished-at="2023-03-13T02:16:25Z">
    <groups>
    </groups>
    <test name="Regression" duration-ms="30" started-at="2023-03-13T02:16:25Z" finished-at="2023-03-13T02:16:25Z">
      <class name="com.testngtsetcases.TC_03">
        <test-method status="PASS" signature="validateLogin()[pri:0, instance:com.testngtsetcases.TC_03@7920ba90]" name="validateLogin" duration-ms="1" started-at="2023-03-13T02:16:25Z" finished-at="2023-03-13T02:16:25Z">
          <reporter-output>
          </reporter-output>
        </test-method> <!-- validateLogin -->
      </class> <!-- com.testngtsetcases.TC_03 -->
      <class name="com.testngtsetcases.TC_01">
        <test-method status="PASS" signature="validateLogin()[pri:0, instance:com.testngtsetcases.TC_01@1a84f40f]" name="validateLogin" duration-ms="5" started-at="2023-03-13T02:16:25Z" finished-at="2023-03-13T02:16:25Z">
          <reporter-output>
          </reporter-output>
        </test-method> <!-- validateLogin -->
      </class> <!-- com.testngtsetcases.TC_01 -->
      <class name="com.testngtsetcases.TC_02">
        <test-method status="PASS" signature="validateLogin()[pri:0, instance:com.testngtsetcases.TC_02@23282c25]" name="validateLogin" duration-ms="0" started-at="2023-03-13T02:16:25Z" finished-at="2023-03-13T02:16:25Z">
          <reporter-output>
          </reporter-output>
        </test-method> <!-- validateLogin -->
      </class> <!-- com.testngtsetcases.TC_02 -->
    </test> <!-- Regression -->
  </suite> <!-- Regression Testing -->
</testng-results>
