<?xml version="1.0" encoding="UTF-8"?>
<!-- Generated by org.testng.reporters.JUnitXMLReporter -->
<testsuite hostname="Veeras-MacBook-Pro.local" ignored="0" name="Regression" tests="3" failures="0" timestamp="13 Mar 2023 02:16:26 GMT" time="0.03" errors="0">
  <testcase name="validateLogin" time="0.005" classname="com.testngtsetcases.TC_01"/>
  <testcase name="validateLogin" time="0.0" classname="com.testngtsetcases.TC_02"/>
  <testcase name="validateLogin" time="0.001" classname="com.testngtsetcases.TC_03"/>
</testsuite> <!-- Regression -->
